[0.166s] DEBUG:colcon:Command line arguments: ['/usr/bin/colcon', 'build', '--packages-select', 'dynamic_maze_marker']
[0.166s] DEBUG:colcon:Parsed command line arguments: Namespace(log_base=None, log_level=None, verb_name='build', build_base='build', install_base='install', merge_install=False, symlink_install=False, test_result_base=None, continue_on_error=False, executor='parallel', parallel_workers=6, event_handlers=None, ignore_user_meta=False, metas=['./colcon.meta'], base_paths=['.'], packages_ignore=None, packages_ignore_regex=None, paths=None, packages_up_to=None, packages_up_to_regex=None, packages_above=None, packages_above_and_dependencies=None, packages_above_depth=None, packages_select_by_dep=None, packages_skip_by_dep=None, packages_skip_up_to=None, packages_select_build_failed=False, packages_skip_build_finished=False, packages_select_test_failures=False, packages_skip_test_passed=False, packages_select=['dynamic_maze_marker'], packages_skip=None, packages_select_regex=None, packages_skip_regex=None, packages_start=None, packages_end=None, allow_overriding=[], cmake_args=None, cmake_target=None, cmake_target_skip_unavailable=False, cmake_clean_cache=False, cmake_clean_first=False, cmake_force_configure=False, ament_cmake_args=None, catkin_cmake_args=None, catkin_skip_building_tests=False, verb_parser=<colcon_defaults.argument_parser.defaults.DefaultArgumentsDecorator object at 0x7e19ed22ef80>, verb_extension=<colcon_core.verb.build.BuildVerb object at 0x7e19ed3743d0>, main=<bound method BuildVerb.main of <colcon_core.verb.build.BuildVerb object at 0x7e19ed3743d0>>)
[0.456s] Level 1:colcon.colcon_core.package_discovery:discover_packages(colcon_meta) check parameters
[0.457s] Level 1:colcon.colcon_core.package_discovery:discover_packages(recursive) check parameters
[0.457s] Level 1:colcon.colcon_core.package_discovery:discover_packages(ignore) check parameters
[0.457s] Level 1:colcon.colcon_core.package_discovery:discover_packages(path) check parameters
[0.457s] Level 1:colcon.colcon_core.package_discovery:discover_packages(colcon_meta) discover
[0.457s] Level 1:colcon.colcon_core.package_discovery:discover_packages(recursive) discover
[0.457s] INFO:colcon.colcon_core.package_discovery:Crawling recursively for packages in '/home/tanay/ros2_ws'
[0.457s] Level 1:colcon.colcon_core.package_identification:_identify(.) by extensions ['ignore', 'ignore_ament_install']
[0.457s] Level 1:colcon.colcon_core.package_identification:_identify(.) by extension 'ignore'
[0.457s] Level 1:colcon.colcon_core.package_identification:_identify(.) by extension 'ignore_ament_install'
[0.458s] Level 1:colcon.colcon_core.package_identification:_identify(.) by extensions ['colcon_pkg']
[0.458s] Level 1:colcon.colcon_core.package_identification:_identify(.) by extension 'colcon_pkg'
[0.458s] Level 1:colcon.colcon_core.package_identification:_identify(.) by extensions ['colcon_meta']
[0.458s] Level 1:colcon.colcon_core.package_identification:_identify(.) by extension 'colcon_meta'
[0.458s] Level 1:colcon.colcon_core.package_identification:_identify(.) by extensions ['ros']
[0.458s] Level 1:colcon.colcon_core.package_identification:_identify(.) by extension 'ros'
[0.481s] Level 1:colcon.colcon_core.package_identification:_identify(.) by extensions ['cmake', 'python']
[0.481s] Level 1:colcon.colcon_core.package_identification:_identify(.) by extension 'cmake'
[0.481s] Level 1:colcon.colcon_core.package_identification:_identify(.) by extension 'python'
[0.481s] Level 1:colcon.colcon_core.package_identification:_identify(.) by extensions ['python_setup_py']
[0.481s] Level 1:colcon.colcon_core.package_identification:_identify(.) by extension 'python_setup_py'
[0.481s] Level 1:colcon.colcon_core.package_identification:_identify(build) by extensions ['ignore', 'ignore_ament_install']
[0.482s] Level 1:colcon.colcon_core.package_identification:_identify(build) by extension 'ignore'
[0.482s] Level 1:colcon.colcon_core.package_identification:_identify(build) ignored
[0.482s] Level 1:colcon.colcon_core.package_identification:_identify(install) by extensions ['ignore', 'ignore_ament_install']
[0.482s] Level 1:colcon.colcon_core.package_identification:_identify(install) by extension 'ignore'
[0.482s] Level 1:colcon.colcon_core.package_identification:_identify(install) ignored
[0.482s] Level 1:colcon.colcon_core.package_identification:_identify(log) by extensions ['ignore', 'ignore_ament_install']
[0.483s] Level 1:colcon.colcon_core.package_identification:_identify(log) by extension 'ignore'
[0.483s] Level 1:colcon.colcon_core.package_identification:_identify(log) ignored
[0.483s] Level 1:colcon.colcon_core.package_identification:_identify(src) by extensions ['ignore', 'ignore_ament_install']
[0.483s] Level 1:colcon.colcon_core.package_identification:_identify(src) by extension 'ignore'
[0.483s] Level 1:colcon.colcon_core.package_identification:_identify(src) by extension 'ignore_ament_install'
[0.483s] Level 1:colcon.colcon_core.package_identification:_identify(src) by extensions ['colcon_pkg']
[0.483s] Level 1:colcon.colcon_core.package_identification:_identify(src) by extension 'colcon_pkg'
[0.483s] Level 1:colcon.colcon_core.package_identification:_identify(src) by extensions ['colcon_meta']
[0.483s] Level 1:colcon.colcon_core.package_identification:_identify(src) by extension 'colcon_meta'
[0.483s] Level 1:colcon.colcon_core.package_identification:_identify(src) by extensions ['ros']
[0.483s] Level 1:colcon.colcon_core.package_identification:_identify(src) by extension 'ros'
[0.484s] Level 1:colcon.colcon_core.package_identification:_identify(src) by extensions ['cmake', 'python']
[0.484s] Level 1:colcon.colcon_core.package_identification:_identify(src) by extension 'cmake'
[0.484s] Level 1:colcon.colcon_core.package_identification:_identify(src) by extension 'python'
[0.484s] Level 1:colcon.colcon_core.package_identification:_identify(src) by extensions ['python_setup_py']
[0.484s] Level 1:colcon.colcon_core.package_identification:_identify(src) by extension 'python_setup_py'
[0.484s] Level 1:colcon.colcon_core.package_identification:_identify(src/dynamic_maze_marker) by extensions ['ignore', 'ignore_ament_install']
[0.484s] Level 1:colcon.colcon_core.package_identification:_identify(src/dynamic_maze_marker) by extension 'ignore'
[0.484s] Level 1:colcon.colcon_core.package_identification:_identify(src/dynamic_maze_marker) by extension 'ignore_ament_install'
[0.484s] Level 1:colcon.colcon_core.package_identification:_identify(src/dynamic_maze_marker) by extensions ['colcon_pkg']
[0.485s] Level 1:colcon.colcon_core.package_identification:_identify(src/dynamic_maze_marker) by extension 'colcon_pkg'
[0.485s] Level 1:colcon.colcon_core.package_identification:_identify(src/dynamic_maze_marker) by extensions ['colcon_meta']
[0.485s] Level 1:colcon.colcon_core.package_identification:_identify(src/dynamic_maze_marker) by extension 'colcon_meta'
[0.485s] Level 1:colcon.colcon_core.package_identification:_identify(src/dynamic_maze_marker) by extensions ['ros']
[0.485s] Level 1:colcon.colcon_core.package_identification:_identify(src/dynamic_maze_marker) by extension 'ros'
[0.490s] DEBUG:colcon.colcon_core.package_identification:Package 'src/dynamic_maze_marker' with type 'ros.ament_python' and name 'dynamic_maze_marker'
[0.490s] Level 1:colcon.colcon_core.package_discovery:discover_packages(recursive) using defaults
[0.490s] Level 1:colcon.colcon_core.package_discovery:discover_packages(ignore) discover
[0.490s] Level 1:colcon.colcon_core.package_discovery:discover_packages(ignore) using defaults
[0.490s] Level 1:colcon.colcon_core.package_discovery:discover_packages(path) discover
[0.490s] Level 1:colcon.colcon_core.package_discovery:discover_packages(path) using defaults
[0.545s] Level 1:colcon.colcon_core.package_discovery:discover_packages(prefix_path) check parameters
[0.546s] Level 1:colcon.colcon_core.package_discovery:discover_packages(prefix_path) discover
[0.549s] DEBUG:colcon.colcon_installed_package_information.package_discovery:Found 1 installed packages in /home/tanay/ros2_ws/install
[0.551s] DEBUG:colcon.colcon_installed_package_information.package_discovery:Found 271 installed packages in /opt/ros/humble
[0.556s] Level 1:colcon.colcon_core.package_discovery:discover_packages(prefix_path) using defaults
[0.643s] Level 5:colcon.colcon_core.verb:set package 'dynamic_maze_marker' build argument 'cmake_args' from command line to 'None'
[0.643s] Level 5:colcon.colcon_core.verb:set package 'dynamic_maze_marker' build argument 'cmake_target' from command line to 'None'
[0.643s] Level 5:colcon.colcon_core.verb:set package 'dynamic_maze_marker' build argument 'cmake_target_skip_unavailable' from command line to 'False'
[0.643s] Level 5:colcon.colcon_core.verb:set package 'dynamic_maze_marker' build argument 'cmake_clean_cache' from command line to 'False'
[0.644s] Level 5:colcon.colcon_core.verb:set package 'dynamic_maze_marker' build argument 'cmake_clean_first' from command line to 'False'
[0.644s] Level 5:colcon.colcon_core.verb:set package 'dynamic_maze_marker' build argument 'cmake_force_configure' from command line to 'False'
[0.644s] Level 5:colcon.colcon_core.verb:set package 'dynamic_maze_marker' build argument 'ament_cmake_args' from command line to 'None'
[0.644s] Level 5:colcon.colcon_core.verb:set package 'dynamic_maze_marker' build argument 'catkin_cmake_args' from command line to 'None'
[0.644s] Level 5:colcon.colcon_core.verb:set package 'dynamic_maze_marker' build argument 'catkin_skip_building_tests' from command line to 'False'
[0.644s] DEBUG:colcon.colcon_core.verb:Building package 'dynamic_maze_marker' with the following arguments: {'ament_cmake_args': None, 'build_base': '/home/tanay/ros2_ws/build/dynamic_maze_marker', 'catkin_cmake_args': None, 'catkin_skip_building_tests': False, 'cmake_args': None, 'cmake_clean_cache': False, 'cmake_clean_first': False, 'cmake_force_configure': False, 'cmake_target': None, 'cmake_target_skip_unavailable': False, 'install_base': '/home/tanay/ros2_ws/install/dynamic_maze_marker', 'merge_install': False, 'path': '/home/tanay/ros2_ws/src/dynamic_maze_marker', 'symlink_install': False, 'test_result_base': None}
[0.644s] INFO:colcon.colcon_core.executor:Executing jobs using 'parallel' executor
[0.650s] DEBUG:colcon.colcon_parallel_executor.executor.parallel:run_until_complete
[0.650s] INFO:colcon.colcon_ros.task.ament_python.build:Building ROS package in '/home/tanay/ros2_ws/src/dynamic_maze_marker' with build type 'ament_python'
[0.651s] Level 1:colcon.colcon_core.shell:create_environment_hook('dynamic_maze_marker', 'ament_prefix_path')
[0.657s] INFO:colcon.colcon_core.plugin_system:Skipping extension 'colcon_core.shell.bat': Not used on non-Windows systems
[0.657s] INFO:colcon.colcon_core.shell:Creating environment hook '/home/tanay/ros2_ws/install/dynamic_maze_marker/share/dynamic_maze_marker/hook/ament_prefix_path.ps1'
[0.659s] INFO:colcon.colcon_core.shell:Creating environment descriptor '/home/tanay/ros2_ws/install/dynamic_maze_marker/share/dynamic_maze_marker/hook/ament_prefix_path.dsv'
[0.660s] INFO:colcon.colcon_core.shell:Creating environment hook '/home/tanay/ros2_ws/install/dynamic_maze_marker/share/dynamic_maze_marker/hook/ament_prefix_path.sh'
[0.666s] INFO:colcon.colcon_core.shell:Skip shell extension 'powershell' for command environment: Not usable outside of PowerShell
[0.666s] DEBUG:colcon.colcon_core.shell:Skip shell extension 'dsv' for command environment
[1.132s] INFO:colcon.colcon_core.task.python.build:Building Python package in '/home/tanay/ros2_ws/src/dynamic_maze_marker'
[1.132s] INFO:colcon.colcon_core.shell:Skip shell extension 'powershell' for command environment: Not usable outside of PowerShell
[1.132s] DEBUG:colcon.colcon_core.shell:Skip shell extension 'dsv' for command environment
[1.578s] DEBUG:colcon.colcon_core.event_handler.log_command:Invoking command in '/home/tanay/ros2_ws/src/dynamic_maze_marker': PYTHONPATH=/home/tanay/ros2_ws/build/dynamic_maze_marker/prefix_override:/usr/lib/python3/dist-packages/colcon_core/task/python/colcon_distutils_commands:/home/tanay/ros2_ws/install/dynamic_maze_marker/lib/python3.10/site-packages:${PYTHONPATH} /usr/bin/python3 -W ignore:setup.py install is deprecated -W ignore:easy_install command is deprecated setup.py egg_info --egg-base ../../build/dynamic_maze_marker build --build-base /home/tanay/ros2_ws/build/dynamic_maze_marker/build install --record /home/tanay/ros2_ws/build/dynamic_maze_marker/install.log --single-version-externally-managed install_data
[1.980s] DEBUG:colcon.colcon_core.event_handler.log_command:Invoked command in '/home/tanay/ros2_ws/src/dynamic_maze_marker' returned '0': PYTHONPATH=/home/tanay/ros2_ws/build/dynamic_maze_marker/prefix_override:/usr/lib/python3/dist-packages/colcon_core/task/python/colcon_distutils_commands:/home/tanay/ros2_ws/install/dynamic_maze_marker/lib/python3.10/site-packages:${PYTHONPATH} /usr/bin/python3 -W ignore:setup.py install is deprecated -W ignore:easy_install command is deprecated setup.py egg_info --egg-base ../../build/dynamic_maze_marker build --build-base /home/tanay/ros2_ws/build/dynamic_maze_marker/build install --record /home/tanay/ros2_ws/build/dynamic_maze_marker/install.log --single-version-externally-managed install_data
[1.983s] Level 1:colcon.colcon_core.environment:checking '/home/tanay/ros2_ws/install/dynamic_maze_marker' for CMake module files
[1.984s] Level 1:colcon.colcon_core.environment:checking '/home/tanay/ros2_ws/install/dynamic_maze_marker' for CMake config files
[1.985s] Level 1:colcon.colcon_core.environment:checking '/home/tanay/ros2_ws/install/dynamic_maze_marker/lib'
[1.986s] Level 1:colcon.colcon_core.environment:checking '/home/tanay/ros2_ws/install/dynamic_maze_marker/bin'
[1.986s] Level 1:colcon.colcon_core.environment:checking '/home/tanay/ros2_ws/install/dynamic_maze_marker/lib/pkgconfig/dynamic_maze_marker.pc'
[1.986s] Level 1:colcon.colcon_core.environment:checking '/home/tanay/ros2_ws/install/dynamic_maze_marker/lib/python3.10/site-packages'
[1.986s] Level 1:colcon.colcon_core.shell:create_environment_hook('dynamic_maze_marker', 'pythonpath')
[1.987s] INFO:colcon.colcon_core.shell:Creating environment hook '/home/tanay/ros2_ws/install/dynamic_maze_marker/share/dynamic_maze_marker/hook/pythonpath.ps1'
[1.988s] INFO:colcon.colcon_core.shell:Creating environment descriptor '/home/tanay/ros2_ws/install/dynamic_maze_marker/share/dynamic_maze_marker/hook/pythonpath.dsv'
[1.989s] INFO:colcon.colcon_core.shell:Creating environment hook '/home/tanay/ros2_ws/install/dynamic_maze_marker/share/dynamic_maze_marker/hook/pythonpath.sh'
[1.991s] Level 1:colcon.colcon_core.environment:checking '/home/tanay/ros2_ws/install/dynamic_maze_marker/bin'
[1.991s] Level 1:colcon.colcon_core.environment:create_environment_scripts_only(dynamic_maze_marker)
[1.992s] INFO:colcon.colcon_core.shell:Creating package script '/home/tanay/ros2_ws/install/dynamic_maze_marker/share/dynamic_maze_marker/package.ps1'
[1.993s] INFO:colcon.colcon_core.shell:Creating package descriptor '/home/tanay/ros2_ws/install/dynamic_maze_marker/share/dynamic_maze_marker/package.dsv'
[1.995s] INFO:colcon.colcon_core.shell:Creating package script '/home/tanay/ros2_ws/install/dynamic_maze_marker/share/dynamic_maze_marker/package.sh'
[1.997s] INFO:colcon.colcon_core.shell:Creating package script '/home/tanay/ros2_ws/install/dynamic_maze_marker/share/dynamic_maze_marker/package.bash'
[1.999s] INFO:colcon.colcon_core.shell:Creating package script '/home/tanay/ros2_ws/install/dynamic_maze_marker/share/dynamic_maze_marker/package.zsh'
[2.002s] Level 1:colcon.colcon_core.environment:create_file_with_runtime_dependencies(/home/tanay/ros2_ws/install/dynamic_maze_marker/share/colcon-core/packages/dynamic_maze_marker)
[2.003s] DEBUG:colcon.colcon_parallel_executor.executor.parallel:closing loop
[2.005s] DEBUG:colcon.colcon_parallel_executor.executor.parallel:loop closed
[2.005s] DEBUG:colcon.colcon_parallel_executor.executor.parallel:run_until_complete finished with '0'
[2.005s] DEBUG:colcon.colcon_core.event_reactor:joining thread
[2.018s] INFO:colcon.colcon_core.plugin_system:Skipping extension 'colcon_notification.desktop_notification.terminal_notifier': Not used on non-Darwin systems
[2.018s] INFO:colcon.colcon_core.plugin_system:Skipping extension 'colcon_notification.desktop_notification.win32': Not used on non-Windows systems
[2.018s] INFO:colcon.colcon_notification.desktop_notification:Sending desktop notification using 'notify2'
[2.054s] DEBUG:colcon.colcon_core.event_reactor:joined thread
[2.055s] INFO:colcon.colcon_core.shell:Creating prefix script '/home/tanay/ros2_ws/install/local_setup.ps1'
[2.057s] INFO:colcon.colcon_core.shell:Creating prefix util module '/home/tanay/ros2_ws/install/_local_setup_util_ps1.py'
[2.060s] INFO:colcon.colcon_core.shell:Creating prefix chain script '/home/tanay/ros2_ws/install/setup.ps1'
[2.066s] INFO:colcon.colcon_core.shell:Creating prefix script '/home/tanay/ros2_ws/install/local_setup.sh'
[2.068s] INFO:colcon.colcon_core.shell:Creating prefix util module '/home/tanay/ros2_ws/install/_local_setup_util_sh.py'
[2.069s] INFO:colcon.colcon_core.shell:Creating prefix chain script '/home/tanay/ros2_ws/install/setup.sh'
[2.071s] INFO:colcon.colcon_core.shell:Creating prefix script '/home/tanay/ros2_ws/install/local_setup.bash'
[2.072s] INFO:colcon.colcon_core.shell:Creating prefix chain script '/home/tanay/ros2_ws/install/setup.bash'
[2.074s] INFO:colcon.colcon_core.shell:Creating prefix script '/home/tanay/ros2_ws/install/local_setup.zsh'
[2.075s] INFO:colcon.colcon_core.shell:Creating prefix chain script '/home/tanay/ros2_ws/install/setup.zsh'
