[0.921s] Invoking command in '/home/tanay/ros2_ws/src/dynamic_maze_marker': PYTHONPATH=/home/tanay/ros2_ws/build/dynamic_maze_marker/prefix_override:/usr/lib/python3/dist-packages/colcon_core/task/python/colcon_distutils_commands:/home/tanay/ros2_ws/install/dynamic_maze_marker/lib/python3.10/site-packages:${PYTHONPATH} /usr/bin/python3 -W ignore:setup.py install is deprecated -W ignore:easy_install command is deprecated setup.py egg_info --egg-base ../../build/dynamic_maze_marker build --build-base /home/tanay/ros2_ws/build/dynamic_maze_marker/build install --record /home/tanay/ros2_ws/build/dynamic_maze_marker/install.log --single-version-externally-managed install_data
[1.288s] running egg_info
[1.289s] creating ../../build/dynamic_maze_marker/dynamic_maze_marker.egg-info
[1.290s] writing ../../build/dynamic_maze_marker/dynamic_maze_marker.egg-info/PKG-INFO
[1.290s] writing dependency_links to ../../build/dynamic_maze_marker/dynamic_maze_marker.egg-info/dependency_links.txt
[1.292s] writing entry points to ../../build/dynamic_maze_marker/dynamic_maze_marker.egg-info/entry_points.txt
[1.292s] writing requirements to ../../build/dynamic_maze_marker/dynamic_maze_marker.egg-info/requires.txt
[1.292s] writing top-level names to ../../build/dynamic_maze_marker/dynamic_maze_marker.egg-info/top_level.txt
[1.292s] writing manifest file '../../build/dynamic_maze_marker/dynamic_maze_marker.egg-info/SOURCES.txt'
[1.297s] reading manifest file '../../build/dynamic_maze_marker/dynamic_maze_marker.egg-info/SOURCES.txt'
[1.297s] writing manifest file '../../build/dynamic_maze_marker/dynamic_maze_marker.egg-info/SOURCES.txt'
[1.297s] running build
[1.297s] running build_py
[1.297s] creating /home/tanay/ros2_ws/build/dynamic_maze_marker/build
[1.297s] creating /home/tanay/ros2_ws/build/dynamic_maze_marker/build/lib
[1.297s] creating /home/tanay/ros2_ws/build/dynamic_maze_marker/build/lib/dynamic_maze_marker
[1.297s] copying dynamic_maze_marker/maze_publisher.py -> /home/tanay/ros2_ws/build/dynamic_maze_marker/build/lib/dynamic_maze_marker
[1.297s] copying dynamic_maze_marker/__init__.py -> /home/tanay/ros2_ws/build/dynamic_maze_marker/build/lib/dynamic_maze_marker
[1.298s] running install
[1.298s] running install_lib
[1.299s] creating /home/tanay/ros2_ws/install/dynamic_maze_marker/lib/python3.10/site-packages/dynamic_maze_marker
[1.299s] copying /home/tanay/ros2_ws/build/dynamic_maze_marker/build/lib/dynamic_maze_marker/maze_publisher.py -> /home/tanay/ros2_ws/install/dynamic_maze_marker/lib/python3.10/site-packages/dynamic_maze_marker
[1.300s] copying /home/tanay/ros2_ws/build/dynamic_maze_marker/build/lib/dynamic_maze_marker/__init__.py -> /home/tanay/ros2_ws/install/dynamic_maze_marker/lib/python3.10/site-packages/dynamic_maze_marker
[1.301s] byte-compiling /home/tanay/ros2_ws/install/dynamic_maze_marker/lib/python3.10/site-packages/dynamic_maze_marker/maze_publisher.py to maze_publisher.cpython-310.pyc
[1.302s] byte-compiling /home/tanay/ros2_ws/install/dynamic_maze_marker/lib/python3.10/site-packages/dynamic_maze_marker/__init__.py to __init__.cpython-310.pyc
[1.302s] running install_data
[1.303s] creating /home/tanay/ros2_ws/install/dynamic_maze_marker/share/ament_index
[1.303s] creating /home/tanay/ros2_ws/install/dynamic_maze_marker/share/ament_index/resource_index
[1.303s] creating /home/tanay/ros2_ws/install/dynamic_maze_marker/share/ament_index/resource_index/packages
[1.304s] copying resource/dynamic_maze_marker -> /home/tanay/ros2_ws/install/dynamic_maze_marker/share/ament_index/resource_index/packages
[1.304s] copying package.xml -> /home/tanay/ros2_ws/install/dynamic_maze_marker/share/dynamic_maze_marker
[1.304s] running install_egg_info
[1.307s] Copying ../../build/dynamic_maze_marker/dynamic_maze_marker.egg-info to /home/tanay/ros2_ws/install/dynamic_maze_marker/lib/python3.10/site-packages/dynamic_maze_marker-0.0.0-py3.10.egg-info
[1.309s] running install_scripts
[1.342s] Installing maze_marker_publisher script to /home/tanay/ros2_ws/install/dynamic_maze_marker/lib/dynamic_maze_marker
[1.344s] writing list of installed files to '/home/tanay/ros2_ws/build/dynamic_maze_marker/install.log'
[1.382s] Invoked command in '/home/tanay/ros2_ws/src/dynamic_maze_marker' returned '0': PYTHONPATH=/home/tanay/ros2_ws/build/dynamic_maze_marker/prefix_override:/usr/lib/python3/dist-packages/colcon_core/task/python/colcon_distutils_commands:/home/tanay/ros2_ws/install/dynamic_maze_marker/lib/python3.10/site-packages:${PYTHONPATH} /usr/bin/python3 -W ignore:setup.py install is deprecated -W ignore:easy_install command is deprecated setup.py egg_info --egg-base ../../build/dynamic_maze_marker build --build-base /home/tanay/ros2_ws/build/dynamic_maze_marker/build install --record /home/tanay/ros2_ws/build/dynamic_maze_marker/install.log --single-version-externally-managed install_data
