[0.923s] Invoking command in '/home/tanay/ros2_ws/src/dynamic_maze_marker': PYTHONPATH=/home/tanay/ros2_ws/build/dynamic_maze_marker/prefix_override:/usr/lib/python3/dist-packages/colcon_core/task/python/colcon_distutils_commands:/home/tanay/ros2_ws/install/dynamic_maze_marker/lib/python3.10/site-packages:${PYTHONPATH} /usr/bin/python3 -W ignore:setup.py install is deprecated -W ignore:easy_install command is deprecated setup.py egg_info --egg-base ../../build/dynamic_maze_marker build --build-base /home/tanay/ros2_ws/build/dynamic_maze_marker/build install --record /home/tanay/ros2_ws/build/dynamic_maze_marker/install.log --single-version-externally-managed install_data
[1.232s] running egg_info
[1.232s] writing ../../build/dynamic_maze_marker/dynamic_maze_marker.egg-info/PKG-INFO
[1.233s] writing dependency_links to ../../build/dynamic_maze_marker/dynamic_maze_marker.egg-info/dependency_links.txt
[1.234s] writing entry points to ../../build/dynamic_maze_marker/dynamic_maze_marker.egg-info/entry_points.txt
[1.235s] writing requirements to ../../build/dynamic_maze_marker/dynamic_maze_marker.egg-info/requires.txt
[1.235s] writing top-level names to ../../build/dynamic_maze_marker/dynamic_maze_marker.egg-info/top_level.txt
[1.240s] reading manifest file '../../build/dynamic_maze_marker/dynamic_maze_marker.egg-info/SOURCES.txt'
[1.241s] writing manifest file '../../build/dynamic_maze_marker/dynamic_maze_marker.egg-info/SOURCES.txt'
[1.241s] running build
[1.241s] running build_py
[1.242s] copying dynamic_maze_marker/robot_simulator.py -> /home/tanay/ros2_ws/build/dynamic_maze_marker/build/lib/dynamic_maze_marker
[1.243s] running install
[1.244s] running install_lib
[1.245s] copying /home/tanay/ros2_ws/build/dynamic_maze_marker/build/lib/dynamic_maze_marker/robot_simulator.py -> /home/tanay/ros2_ws/install/dynamic_maze_marker/lib/python3.10/site-packages/dynamic_maze_marker
[1.246s] byte-compiling /home/tanay/ros2_ws/install/dynamic_maze_marker/lib/python3.10/site-packages/dynamic_maze_marker/robot_simulator.py to robot_simulator.cpython-310.pyc
[1.248s] running install_data
[1.248s] running install_egg_info
[1.251s] removing '/home/tanay/ros2_ws/install/dynamic_maze_marker/lib/python3.10/site-packages/dynamic_maze_marker-0.0.0-py3.10.egg-info' (and everything under it)
[1.252s] Copying ../../build/dynamic_maze_marker/dynamic_maze_marker.egg-info to /home/tanay/ros2_ws/install/dynamic_maze_marker/lib/python3.10/site-packages/dynamic_maze_marker-0.0.0-py3.10.egg-info
[1.259s] running install_scripts
[1.287s] Installing maze_marker_publisher script to /home/tanay/ros2_ws/install/dynamic_maze_marker/lib/dynamic_maze_marker
[1.287s] Installing robot_simulator script to /home/tanay/ros2_ws/install/dynamic_maze_marker/lib/dynamic_maze_marker
[1.288s] writing list of installed files to '/home/tanay/ros2_ws/build/dynamic_maze_marker/install.log'
[1.324s] Invoked command in '/home/tanay/ros2_ws/src/dynamic_maze_marker' returned '0': PYTHONPATH=/home/tanay/ros2_ws/build/dynamic_maze_marker/prefix_override:/usr/lib/python3/dist-packages/colcon_core/task/python/colcon_distutils_commands:/home/tanay/ros2_ws/install/dynamic_maze_marker/lib/python3.10/site-packages:${PYTHONPATH} /usr/bin/python3 -W ignore:setup.py install is deprecated -W ignore:easy_install command is deprecated setup.py egg_info --egg-base ../../build/dynamic_maze_marker build --build-base /home/tanay/ros2_ws/build/dynamic_maze_marker/build install --record /home/tanay/ros2_ws/build/dynamic_maze_marker/install.log --single-version-externally-managed install_data
